The system is: Linux - 3.13.0-45-generic - x86_64
Compiling the C compiler identification source file "CMakeCCompilerId.c" succeeded.
Compiler: /usr/bin/cc 
Build flags: 
Id flags: 

The output was:
0


Compilation of the C compiler identification source "CMakeCCompilerId.c" produced "a.out"

The C compiler identification is GNU, found in "/home/vinod/Downloads/sd2/2.1.0/build/CMakeFiles/2.8.12.2/CompilerIdC/a.out"

Compiling the CXX compiler identification source file "CMakeCXXCompilerId.cpp" succeeded.
Compiler: /usr/bin/c++ 
Build flags: 
Id flags: 

The output was:
0


Compilation of the CXX compiler identification source "CMakeCXXCompilerId.cpp" produced "a.out"

The CXX compiler identification is GNU, found in "/home/vinod/Downloads/sd2/2.1.0/build/CMakeFiles/2.8.12.2/CompilerIdCXX/a.out"

Determining if the C compiler works passed with the following output:
Change Dir: /home/vinod/Downloads/sd2/2.1.0/build/CMakeFiles/CMakeTmp

Run Build Command:/usr/bin/make "cmTryCompileExec1086134313/fast"
/usr/bin/make -f CMakeFiles/cmTryCompileExec1086134313.dir/build.make CMakeFiles/cmTryCompileExec1086134313.dir/build
make[1]: Entering directory `/home/vinod/Downloads/sd2/2.1.0/build/CMakeFiles/CMakeTmp'
/usr/bin/cmake -E cmake_progress_report /home/vinod/Downloads/sd2/2.1.0/build/CMakeFiles/CMakeTmp/CMakeFiles 1
Building C object CMakeFiles/cmTryCompileExec1086134313.dir/testCCompiler.c.o
/usr/bin/cc    -o CMakeFiles/cmTryCompileExec1086134313.dir/testCCompiler.c.o   -c /home/vinod/Downloads/sd2/2.1.0/build/CMakeFiles/CMakeTmp/testCCompiler.c
Linking C executable cmTryCompileExec1086134313
/usr/bin/cmake -E cmake_link_script CMakeFiles/cmTryCompileExec1086134313.dir/link.txt --verbose=1
/usr/bin/cc       CMakeFiles/cmTryCompileExec1086134313.dir/testCCompiler.c.o  -o cmTryCompileExec1086134313 -rdynamic 
make[1]: Leaving directory `/home/vinod/Downloads/sd2/2.1.0/build/CMakeFiles/CMakeTmp'


Detecting C compiler ABI info compiled with the following output:
Change Dir: /home/vinod/Downloads/sd2/2.1.0/build/CMakeFiles/CMakeTmp

Run Build Command:/usr/bin/make "cmTryCompileExec423498106/fast"
/usr/bin/make -f CMakeFiles/cmTryCompileExec423498106.dir/build.make CMakeFiles/cmTryCompileExec423498106.dir/build
make[1]: Entering directory `/home/vinod/Downloads/sd2/2.1.0/build/CMakeFiles/CMakeTmp'
/usr/bin/cmake -E cmake_progress_report /home/vinod/Downloads/sd2/2.1.0/build/CMakeFiles/CMakeTmp/CMakeFiles 1
Building C object CMakeFiles/cmTryCompileExec423498106.dir/CMakeCCompilerABI.c.o
/usr/bin/cc    -o CMakeFiles/cmTryCompileExec423498106.dir/CMakeCCompilerABI.c.o   -c /usr/share/cmake-2.8/Modules/CMakeCCompilerABI.c
Linking C executable cmTryCompileExec423498106
/usr/bin/cmake -E cmake_link_script CMakeFiles/cmTryCompileExec423498106.dir/link.txt --verbose=1
/usr/bin/cc     -v CMakeFiles/cmTryCompileExec423498106.dir/CMakeCCompilerABI.c.o  -o cmTryCompileExec423498106 -rdynamic  
Using built-in specs.
COLLECT_GCC=/usr/bin/cc
COLLECT_LTO_WRAPPER=/usr/lib/gcc/x86_64-linux-gnu/4.8/lto-wrapper
Target: x86_64-linux-gnu
Configured with: ../src/configure -v --with-pkgversion='Ubuntu 4.8.2-19ubuntu1' --with-bugurl=file:///usr/share/doc/gcc-4.8/README.Bugs --enable-languages=c,c++,java,go,d,fortran,objc,obj-c++ --prefix=/usr --program-suffix=-4.8 --enable-shared --enable-linker-build-id --libexecdir=/usr/lib --without-included-gettext --enable-threads=posix --with-gxx-include-dir=/usr/include/c++/4.8 --libdir=/usr/lib --enable-nls --with-sysroot=/ --enable-clocale=gnu --enable-libstdcxx-debug --enable-libstdcxx-time=yes --enable-gnu-unique-object --disable-libmudflap --enable-plugin --with-system-zlib --disable-browser-plugin --enable-java-awt=gtk --enable-gtk-cairo --with-java-home=/usr/lib/jvm/java-1.5.0-gcj-4.8-amd64/jre --enable-java-home --with-jvm-root-dir=/usr/lib/jvm/java-1.5.0-gcj-4.8-amd64 --with-jvm-jar-dir=/usr/lib/jvm-exports/java-1.5.0-gcj-4.8-amd64 --with-arch-directory=amd64 --with-ecj-jar=/usr/share/java/eclipse-ecj.jar --enable-objc-gc --enable-multiarch --disable-werror --with-arch-32=i686 --with-abi=m64 --with-multilib-list=m32,m64,mx32 --with-tune=generic --enable-checking=release --build=x86_64-linux-gnu --host=x86_64-linux-gnu --target=x86_64-linux-gnu
Thread model: posix
gcc version 4.8.2 (Ubuntu 4.8.2-19ubuntu1) 
COMPILER_PATH=/usr/lib/gcc/x86_64-linux-gnu/4.8/:/usr/lib/gcc/x86_64-linux-gnu/4.8/:/usr/lib/gcc/x86_64-linux-gnu/:/usr/lib/gcc/x86_64-linux-gnu/4.8/:/usr/lib/gcc/x86_64-linux-gnu/
LIBRARY_PATH=/usr/lib/gcc/x86_64-linux-gnu/4.8/:/usr/lib/gcc/x86_64-linux-gnu/4.8/../../../x86_64-linux-gnu/:/usr/lib/gcc/x86_64-linux-gnu/4.8/../../../../lib/:/lib/x86_64-linux-gnu/:/lib/../lib/:/usr/lib/x86_64-linux-gnu/:/usr/lib/../lib/:/usr/lib/gcc/x86_64-linux-gnu/4.8/../../../:/lib/:/usr/lib/
COLLECT_GCC_OPTIONS='-v' '-o' 'cmTryCompileExec423498106' '-rdynamic' '-mtune=generic' '-march=x86-64'
 /usr/lib/gcc/x86_64-linux-gnu/4.8/collect2 --sysroot=/ --build-id --eh-frame-hdr -m elf_x86_64 --hash-style=gnu --as-needed -export-dynamic -dynamic-linker /lib64/ld-linux-x86-64.so.2 -z relro -o cmTryCompileExec423498106 /usr/lib/gcc/x86_64-linux-gnu/4.8/../../../x86_64-linux-gnu/crt1.o /usr/lib/gcc/x86_64-linux-gnu/4.8/../../../x86_64-linux-gnu/crti.o /usr/lib/gcc/x86_64-linux-gnu/4.8/crtbegin.o -L/usr/lib/gcc/x86_64-linux-gnu/4.8 -L/usr/lib/gcc/x86_64-linux-gnu/4.8/../../../x86_64-linux-gnu -L/usr/lib/gcc/x86_64-linux-gnu/4.8/../../../../lib -L/lib/x86_64-linux-gnu -L/lib/../lib -L/usr/lib/x86_64-linux-gnu -L/usr/lib/../lib -L/usr/lib/gcc/x86_64-linux-gnu/4.8/../../.. CMakeFiles/cmTryCompileExec423498106.dir/CMakeCCompilerABI.c.o -lgcc --as-needed -lgcc_s --no-as-needed -lc -lgcc --as-needed -lgcc_s --no-as-needed /usr/lib/gcc/x86_64-linux-gnu/4.8/crtend.o /usr/lib/gcc/x86_64-linux-gnu/4.8/../../../x86_64-linux-gnu/crtn.o
make[1]: Leaving directory `/home/vinod/Downloads/sd2/2.1.0/build/CMakeFiles/CMakeTmp'


Parsed C implicit link information from above output:
  link line regex: [^( *|.*[/\])(ld|([^/\]+-)?ld|collect2)[^/\]*( |$)]
  ignore line: [Change Dir: /home/vinod/Downloads/sd2/2.1.0/build/CMakeFiles/CMakeTmp]
  ignore line: []
  ignore line: [Run Build Command:/usr/bin/make "cmTryCompileExec423498106/fast"]
  ignore line: [/usr/bin/make -f CMakeFiles/cmTryCompileExec423498106.dir/build.make CMakeFiles/cmTryCompileExec423498106.dir/build]
  ignore line: [make[1]: Entering directory `/home/vinod/Downloads/sd2/2.1.0/build/CMakeFiles/CMakeTmp']
  ignore line: [/usr/bin/cmake -E cmake_progress_report /home/vinod/Downloads/sd2/2.1.0/build/CMakeFiles/CMakeTmp/CMakeFiles 1]
  ignore line: [Building C object CMakeFiles/cmTryCompileExec423498106.dir/CMakeCCompilerABI.c.o]
  ignore line: [/usr/bin/cc    -o CMakeFiles/cmTryCompileExec423498106.dir/CMakeCCompilerABI.c.o   -c /usr/share/cmake-2.8/Modules/CMakeCCompilerABI.c]
  ignore line: [Linking C executable cmTryCompileExec423498106]
  ignore line: [/usr/bin/cmake -E cmake_link_script CMakeFiles/cmTryCompileExec423498106.dir/link.txt --verbose=1]
  ignore line: [/usr/bin/cc     -v CMakeFiles/cmTryCompileExec423498106.dir/CMakeCCompilerABI.c.o  -o cmTryCompileExec423498106 -rdynamic  ]
  ignore line: [Using built-in specs.]
  ignore line: [COLLECT_GCC=/usr/bin/cc]
  ignore line: [COLLECT_LTO_WRAPPER=/usr/lib/gcc/x86_64-linux-gnu/4.8/lto-wrapper]
  ignore line: [Target: x86_64-linux-gnu]
  ignore line: [Configured with: ../src/configure -v --with-pkgversion='Ubuntu 4.8.2-19ubuntu1' --with-bugurl=file:///usr/share/doc/gcc-4.8/README.Bugs --enable-languages=c,c++,java,go,d,fortran,objc,obj-c++ --prefix=/usr --program-suffix=-4.8 --enable-shared --enable-linker-build-id --libexecdir=/usr/lib --without-included-gettext --enable-threads=posix --with-gxx-include-dir=/usr/include/c++/4.8 --libdir=/usr/lib --enable-nls --with-sysroot=/ --enable-clocale=gnu --enable-libstdcxx-debug --enable-libstdcxx-time=yes --enable-gnu-unique-object --disable-libmudflap --enable-plugin --with-system-zlib --disable-browser-plugin --enable-java-awt=gtk --enable-gtk-cairo --with-java-home=/usr/lib/jvm/java-1.5.0-gcj-4.8-amd64/jre --enable-java-home --with-jvm-root-dir=/usr/lib/jvm/java-1.5.0-gcj-4.8-amd64 --with-jvm-jar-dir=/usr/lib/jvm-exports/java-1.5.0-gcj-4.8-amd64 --with-arch-directory=amd64 --with-ecj-jar=/usr/share/java/eclipse-ecj.jar --enable-objc-gc --enable-multiarch --disable-werror --with-arch-32=i686 --with-abi=m64 --with-multilib-list=m32,m64,mx32 --with-tune=generic --enable-checking=release --build=x86_64-linux-gnu --host=x86_64-linux-gnu --target=x86_64-linux-gnu]
  ignore line: [Thread model: posix]
  ignore line: [gcc version 4.8.2 (Ubuntu 4.8.2-19ubuntu1) ]
  ignore line: [COMPILER_PATH=/usr/lib/gcc/x86_64-linux-gnu/4.8/:/usr/lib/gcc/x86_64-linux-gnu/4.8/:/usr/lib/gcc/x86_64-linux-gnu/:/usr/lib/gcc/x86_64-linux-gnu/4.8/:/usr/lib/gcc/x86_64-linux-gnu/]
  ignore line: [LIBRARY_PATH=/usr/lib/gcc/x86_64-linux-gnu/4.8/:/usr/lib/gcc/x86_64-linux-gnu/4.8/../../../x86_64-linux-gnu/:/usr/lib/gcc/x86_64-linux-gnu/4.8/../../../../lib/:/lib/x86_64-linux-gnu/:/lib/../lib/:/usr/lib/x86_64-linux-gnu/:/usr/lib/../lib/:/usr/lib/gcc/x86_64-linux-gnu/4.8/../../../:/lib/:/usr/lib/]
  ignore line: [COLLECT_GCC_OPTIONS='-v' '-o' 'cmTryCompileExec423498106' '-rdynamic' '-mtune=generic' '-march=x86-64']
  link line: [ /usr/lib/gcc/x86_64-linux-gnu/4.8/collect2 --sysroot=/ --build-id --eh-frame-hdr -m elf_x86_64 --hash-style=gnu --as-needed -export-dynamic -dynamic-linker /lib64/ld-linux-x86-64.so.2 -z relro -o cmTryCompileExec423498106 /usr/lib/gcc/x86_64-linux-gnu/4.8/../../../x86_64-linux-gnu/crt1.o /usr/lib/gcc/x86_64-linux-gnu/4.8/../../../x86_64-linux-gnu/crti.o /usr/lib/gcc/x86_64-linux-gnu/4.8/crtbegin.o -L/usr/lib/gcc/x86_64-linux-gnu/4.8 -L/usr/lib/gcc/x86_64-linux-gnu/4.8/../../../x86_64-linux-gnu -L/usr/lib/gcc/x86_64-linux-gnu/4.8/../../../../lib -L/lib/x86_64-linux-gnu -L/lib/../lib -L/usr/lib/x86_64-linux-gnu -L/usr/lib/../lib -L/usr/lib/gcc/x86_64-linux-gnu/4.8/../../.. CMakeFiles/cmTryCompileExec423498106.dir/CMakeCCompilerABI.c.o -lgcc --as-needed -lgcc_s --no-as-needed -lc -lgcc --as-needed -lgcc_s --no-as-needed /usr/lib/gcc/x86_64-linux-gnu/4.8/crtend.o /usr/lib/gcc/x86_64-linux-gnu/4.8/../../../x86_64-linux-gnu/crtn.o]
    arg [/usr/lib/gcc/x86_64-linux-gnu/4.8/collect2] ==> ignore
    arg [--sysroot=/] ==> ignore
    arg [--build-id] ==> ignore
    arg [--eh-frame-hdr] ==> ignore
    arg [-m] ==> ignore
    arg [elf_x86_64] ==> ignore
    arg [--hash-style=gnu] ==> ignore
    arg [--as-needed] ==> ignore
    arg [-export-dynamic] ==> ignore
    arg [-dynamic-linker] ==> ignore
    arg [/lib64/ld-linux-x86-64.so.2] ==> ignore
    arg [-zrelro] ==> ignore
    arg [-o] ==> ignore
    arg [cmTryCompileExec423498106] ==> ignore
    arg [/usr/lib/gcc/x86_64-linux-gnu/4.8/../../../x86_64-linux-gnu/crt1.o] ==> ignore
    arg [/usr/lib/gcc/x86_64-linux-gnu/4.8/../../../x86_64-linux-gnu/crti.o] ==> ignore
    arg [/usr/lib/gcc/x86_64-linux-gnu/4.8/crtbegin.o] ==> ignore
    arg [-L/usr/lib/gcc/x86_64-linux-gnu/4.8] ==> dir [/usr/lib/gcc/x86_64-linux-gnu/4.8]
    arg [-L/usr/lib/gcc/x86_64-linux-gnu/4.8/../../../x86_64-linux-gnu] ==> dir [/usr/lib/gcc/x86_64-linux-gnu/4.8/../../../x86_64-linux-gnu]
    arg [-L/usr/lib/gcc/x86_64-linux-gnu/4.8/../../../../lib] ==> dir [/usr/lib/gcc/x86_64-linux-gnu/4.8/../../../../lib]
    arg [-L/lib/x86_64-linux-gnu] ==> dir [/lib/x86_64-linux-gnu]
    arg [-L/lib/../lib] ==> dir [/lib/../lib]
    arg [-L/usr/lib/x86_64-linux-gnu] ==> dir [/usr/lib/x86_64-linux-gnu]
    arg [-L/usr/lib/../lib] ==> dir [/usr/lib/../lib]
    arg [-L/usr/lib/gcc/x86_64-linux-gnu/4.8/../../..] ==> dir [/usr/lib/gcc/x86_64-linux-gnu/4.8/../../..]
    arg [CMakeFiles/cmTryCompileExec423498106.dir/CMakeCCompilerABI.c.o] ==> ignore
    arg [-lgcc] ==> lib [gcc]
    arg [--as-needed] ==> ignore
    arg [-lgcc_s] ==> lib [gcc_s]
    arg [--no-as-needed] ==> ignore
    arg [-lc] ==> lib [c]
    arg [-lgcc] ==> lib [gcc]
    arg [--as-needed] ==> ignore
    arg [-lgcc_s] ==> lib [gcc_s]
    arg [--no-as-needed] ==> ignore
    arg [/usr/lib/gcc/x86_64-linux-gnu/4.8/crtend.o] ==> ignore
    arg [/usr/lib/gcc/x86_64-linux-gnu/4.8/../../../x86_64-linux-gnu/crtn.o] ==> ignore
  remove lib [gcc]
  remove lib [gcc_s]
  remove lib [gcc]
  remove lib [gcc_s]
  collapse library dir [/usr/lib/gcc/x86_64-linux-gnu/4.8] ==> [/usr/lib/gcc/x86_64-linux-gnu/4.8]
  collapse library dir [/usr/lib/gcc/x86_64-linux-gnu/4.8/../../../x86_64-linux-gnu] ==> [/usr/lib/x86_64-linux-gnu]
  collapse library dir [/usr/lib/gcc/x86_64-linux-gnu/4.8/../../../../lib] ==> [/usr/lib]
  collapse library dir [/lib/x86_64-linux-gnu] ==> [/lib/x86_64-linux-gnu]
  collapse library dir [/lib/../lib] ==> [/lib]
  collapse library dir [/usr/lib/x86_64-linux-gnu] ==> [/usr/lib/x86_64-linux-gnu]
  collapse library dir [/usr/lib/../lib] ==> [/usr/lib]
  collapse library dir [/usr/lib/gcc/x86_64-linux-gnu/4.8/../../..] ==> [/usr/lib]
  implicit libs: [c]
  implicit dirs: [/usr/lib/gcc/x86_64-linux-gnu/4.8;/usr/lib/x86_64-linux-gnu;/usr/lib;/lib/x86_64-linux-gnu;/lib]
  implicit fwks: []


Determining if the CXX compiler works passed with the following output:
Change Dir: /home/vinod/Downloads/sd2/2.1.0/build/CMakeFiles/CMakeTmp

Run Build Command:/usr/bin/make "cmTryCompileExec88059840/fast"
/usr/bin/make -f CMakeFiles/cmTryCompileExec88059840.dir/build.make CMakeFiles/cmTryCompileExec88059840.dir/build
make[1]: Entering directory `/home/vinod/Downloads/sd2/2.1.0/build/CMakeFiles/CMakeTmp'
/usr/bin/cmake -E cmake_progress_report /home/vinod/Downloads/sd2/2.1.0/build/CMakeFiles/CMakeTmp/CMakeFiles 1
Building CXX object CMakeFiles/cmTryCompileExec88059840.dir/testCXXCompiler.cxx.o
/usr/bin/c++     -o CMakeFiles/cmTryCompileExec88059840.dir/testCXXCompiler.cxx.o -c /home/vinod/Downloads/sd2/2.1.0/build/CMakeFiles/CMakeTmp/testCXXCompiler.cxx
Linking CXX executable cmTryCompileExec88059840
/usr/bin/cmake -E cmake_link_script CMakeFiles/cmTryCompileExec88059840.dir/link.txt --verbose=1
/usr/bin/c++        CMakeFiles/cmTryCompileExec88059840.dir/testCXXCompiler.cxx.o  -o cmTryCompileExec88059840 -rdynamic 
make[1]: Leaving directory `/home/vinod/Downloads/sd2/2.1.0/build/CMakeFiles/CMakeTmp'


Detecting CXX compiler ABI info compiled with the following output:
Change Dir: /home/vinod/Downloads/sd2/2.1.0/build/CMakeFiles/CMakeTmp

Run Build Command:/usr/bin/make "cmTryCompileExec1543350935/fast"
/usr/bin/make -f CMakeFiles/cmTryCompileExec1543350935.dir/build.make CMakeFiles/cmTryCompileExec1543350935.dir/build
make[1]: Entering directory `/home/vinod/Downloads/sd2/2.1.0/build/CMakeFiles/CMakeTmp'
/usr/bin/cmake -E cmake_progress_report /home/vinod/Downloads/sd2/2.1.0/build/CMakeFiles/CMakeTmp/CMakeFiles 1
Building CXX object CMakeFiles/cmTryCompileExec1543350935.dir/CMakeCXXCompilerABI.cpp.o
/usr/bin/c++     -o CMakeFiles/cmTryCompileExec1543350935.dir/CMakeCXXCompilerABI.cpp.o -c /usr/share/cmake-2.8/Modules/CMakeCXXCompilerABI.cpp
Linking CXX executable cmTryCompileExec1543350935
/usr/bin/cmake -E cmake_link_script CMakeFiles/cmTryCompileExec1543350935.dir/link.txt --verbose=1
/usr/bin/c++      -v CMakeFiles/cmTryCompileExec1543350935.dir/CMakeCXXCompilerABI.cpp.o  -o cmTryCompileExec1543350935 -rdynamic  
Using built-in specs.
COLLECT_GCC=/usr/bin/c++
COLLECT_LTO_WRAPPER=/usr/lib/gcc/x86_64-linux-gnu/4.8/lto-wrapper
Target: x86_64-linux-gnu
Configured with: ../src/configure -v --with-pkgversion='Ubuntu 4.8.2-19ubuntu1' --with-bugurl=file:///usr/share/doc/gcc-4.8/README.Bugs --enable-languages=c,c++,java,go,d,fortran,objc,obj-c++ --prefix=/usr --program-suffix=-4.8 --enable-shared --enable-linker-build-id --libexecdir=/usr/lib --without-included-gettext --enable-threads=posix --with-gxx-include-dir=/usr/include/c++/4.8 --libdir=/usr/lib --enable-nls --with-sysroot=/ --enable-clocale=gnu --enable-libstdcxx-debug --enable-libstdcxx-time=yes --enable-gnu-unique-object --disable-libmudflap --enable-plugin --with-system-zlib --disable-browser-plugin --enable-java-awt=gtk --enable-gtk-cairo --with-java-home=/usr/lib/jvm/java-1.5.0-gcj-4.8-amd64/jre --enable-java-home --with-jvm-root-dir=/usr/lib/jvm/java-1.5.0-gcj-4.8-amd64 --with-jvm-jar-dir=/usr/lib/jvm-exports/java-1.5.0-gcj-4.8-amd64 --with-arch-directory=amd64 --with-ecj-jar=/usr/share/java/eclipse-ecj.jar --enable-objc-gc --enable-multiarch --disable-werror --with-arch-32=i686 --with-abi=m64 --with-multilib-list=m32,m64,mx32 --with-tune=generic --enable-checking=release --build=x86_64-linux-gnu --host=x86_64-linux-gnu --target=x86_64-linux-gnu
Thread model: posix
gcc version 4.8.2 (Ubuntu 4.8.2-19ubuntu1) 
COMPILER_PATH=/usr/lib/gcc/x86_64-linux-gnu/4.8/:/usr/lib/gcc/x86_64-linux-gnu/4.8/:/usr/lib/gcc/x86_64-linux-gnu/:/usr/lib/gcc/x86_64-linux-gnu/4.8/:/usr/lib/gcc/x86_64-linux-gnu/
LIBRARY_PATH=/usr/lib/gcc/x86_64-linux-gnu/4.8/:/usr/lib/gcc/x86_64-linux-gnu/4.8/../../../x86_64-linux-gnu/:/usr/lib/gcc/x86_64-linux-gnu/4.8/../../../../lib/:/lib/x86_64-linux-gnu/:/lib/../lib/:/usr/lib/x86_64-linux-gnu/:/usr/lib/../lib/:/usr/lib/gcc/x86_64-linux-gnu/4.8/../../../:/lib/:/usr/lib/
COLLECT_GCC_OPTIONS='-v' '-o' 'cmTryCompileExec1543350935' '-rdynamic' '-shared-libgcc' '-mtune=generic' '-march=x86-64'
 /usr/lib/gcc/x86_64-linux-gnu/4.8/collect2 --sysroot=/ --build-id --eh-frame-hdr -m elf_x86_64 --hash-style=gnu --as-needed -export-dynamic -dynamic-linker /lib64/ld-linux-x86-64.so.2 -z relro -o cmTryCompileExec1543350935 /usr/lib/gcc/x86_64-linux-gnu/4.8/../../../x86_64-linux-gnu/crt1.o /usr/lib/gcc/x86_64-linux-gnu/4.8/../../../x86_64-linux-gnu/crti.o /usr/lib/gcc/x86_64-linux-gnu/4.8/crtbegin.o -L/usr/lib/gcc/x86_64-linux-gnu/4.8 -L/usr/lib/gcc/x86_64-linux-gnu/4.8/../../../x86_64-linux-gnu -L/usr/lib/gcc/x86_64-linux-gnu/4.8/../../../../lib -L/lib/x86_64-linux-gnu -L/lib/../lib -L/usr/lib/x86_64-linux-gnu -L/usr/lib/../lib -L/usr/lib/gcc/x86_64-linux-gnu/4.8/../../.. CMakeFiles/cmTryCompileExec1543350935.dir/CMakeCXXCompilerABI.cpp.o -lstdc++ -lm -lgcc_s -lgcc -lc -lgcc_s -lgcc /usr/lib/gcc/x86_64-linux-gnu/4.8/crtend.o /usr/lib/gcc/x86_64-linux-gnu/4.8/../../../x86_64-linux-gnu/crtn.o
make[1]: Leaving directory `/home/vinod/Downloads/sd2/2.1.0/build/CMakeFiles/CMakeTmp'


Parsed CXX implicit link information from above output:
  link line regex: [^( *|.*[/\])(ld|([^/\]+-)?ld|collect2)[^/\]*( |$)]
  ignore line: [Change Dir: /home/vinod/Downloads/sd2/2.1.0/build/CMakeFiles/CMakeTmp]
  ignore line: []
  ignore line: [Run Build Command:/usr/bin/make "cmTryCompileExec1543350935/fast"]
  ignore line: [/usr/bin/make -f CMakeFiles/cmTryCompileExec1543350935.dir/build.make CMakeFiles/cmTryCompileExec1543350935.dir/build]
  ignore line: [make[1]: Entering directory `/home/vinod/Downloads/sd2/2.1.0/build/CMakeFiles/CMakeTmp']
  ignore line: [/usr/bin/cmake -E cmake_progress_report /home/vinod/Downloads/sd2/2.1.0/build/CMakeFiles/CMakeTmp/CMakeFiles 1]
  ignore line: [Building CXX object CMakeFiles/cmTryCompileExec1543350935.dir/CMakeCXXCompilerABI.cpp.o]
  ignore line: [/usr/bin/c++     -o CMakeFiles/cmTryCompileExec1543350935.dir/CMakeCXXCompilerABI.cpp.o -c /usr/share/cmake-2.8/Modules/CMakeCXXCompilerABI.cpp]
  ignore line: [Linking CXX executable cmTryCompileExec1543350935]
  ignore line: [/usr/bin/cmake -E cmake_link_script CMakeFiles/cmTryCompileExec1543350935.dir/link.txt --verbose=1]
  ignore line: [/usr/bin/c++      -v CMakeFiles/cmTryCompileExec1543350935.dir/CMakeCXXCompilerABI.cpp.o  -o cmTryCompileExec1543350935 -rdynamic  ]
  ignore line: [Using built-in specs.]
  ignore line: [COLLECT_GCC=/usr/bin/c++]
  ignore line: [COLLECT_LTO_WRAPPER=/usr/lib/gcc/x86_64-linux-gnu/4.8/lto-wrapper]
  ignore line: [Target: x86_64-linux-gnu]
  ignore line: [Configured with: ../src/configure -v --with-pkgversion='Ubuntu 4.8.2-19ubuntu1' --with-bugurl=file:///usr/share/doc/gcc-4.8/README.Bugs --enable-languages=c,c++,java,go,d,fortran,objc,obj-c++ --prefix=/usr --program-suffix=-4.8 --enable-shared --enable-linker-build-id --libexecdir=/usr/lib --without-included-gettext --enable-threads=posix --with-gxx-include-dir=/usr/include/c++/4.8 --libdir=/usr/lib --enable-nls --with-sysroot=/ --enable-clocale=gnu --enable-libstdcxx-debug --enable-libstdcxx-time=yes --enable-gnu-unique-object --disable-libmudflap --enable-plugin --with-system-zlib --disable-browser-plugin --enable-java-awt=gtk --enable-gtk-cairo --with-java-home=/usr/lib/jvm/java-1.5.0-gcj-4.8-amd64/jre --enable-java-home --with-jvm-root-dir=/usr/lib/jvm/java-1.5.0-gcj-4.8-amd64 --with-jvm-jar-dir=/usr/lib/jvm-exports/java-1.5.0-gcj-4.8-amd64 --with-arch-directory=amd64 --with-ecj-jar=/usr/share/java/eclipse-ecj.jar --enable-objc-gc --enable-multiarch --disable-werror --with-arch-32=i686 --with-abi=m64 --with-multilib-list=m32,m64,mx32 --with-tune=generic --enable-checking=release --build=x86_64-linux-gnu --host=x86_64-linux-gnu --target=x86_64-linux-gnu]
  ignore line: [Thread model: posix]
  ignore line: [gcc version 4.8.2 (Ubuntu 4.8.2-19ubuntu1) ]
  ignore line: [COMPILER_PATH=/usr/lib/gcc/x86_64-linux-gnu/4.8/:/usr/lib/gcc/x86_64-linux-gnu/4.8/:/usr/lib/gcc/x86_64-linux-gnu/:/usr/lib/gcc/x86_64-linux-gnu/4.8/:/usr/lib/gcc/x86_64-linux-gnu/]
  ignore line: [LIBRARY_PATH=/usr/lib/gcc/x86_64-linux-gnu/4.8/:/usr/lib/gcc/x86_64-linux-gnu/4.8/../../../x86_64-linux-gnu/:/usr/lib/gcc/x86_64-linux-gnu/4.8/../../../../lib/:/lib/x86_64-linux-gnu/:/lib/../lib/:/usr/lib/x86_64-linux-gnu/:/usr/lib/../lib/:/usr/lib/gcc/x86_64-linux-gnu/4.8/../../../:/lib/:/usr/lib/]
  ignore line: [COLLECT_GCC_OPTIONS='-v' '-o' 'cmTryCompileExec1543350935' '-rdynamic' '-shared-libgcc' '-mtune=generic' '-march=x86-64']
  link line: [ /usr/lib/gcc/x86_64-linux-gnu/4.8/collect2 --sysroot=/ --build-id --eh-frame-hdr -m elf_x86_64 --hash-style=gnu --as-needed -export-dynamic -dynamic-linker /lib64/ld-linux-x86-64.so.2 -z relro -o cmTryCompileExec1543350935 /usr/lib/gcc/x86_64-linux-gnu/4.8/../../../x86_64-linux-gnu/crt1.o /usr/lib/gcc/x86_64-linux-gnu/4.8/../../../x86_64-linux-gnu/crti.o /usr/lib/gcc/x86_64-linux-gnu/4.8/crtbegin.o -L/usr/lib/gcc/x86_64-linux-gnu/4.8 -L/usr/lib/gcc/x86_64-linux-gnu/4.8/../../../x86_64-linux-gnu -L/usr/lib/gcc/x86_64-linux-gnu/4.8/../../../../lib -L/lib/x86_64-linux-gnu -L/lib/../lib -L/usr/lib/x86_64-linux-gnu -L/usr/lib/../lib -L/usr/lib/gcc/x86_64-linux-gnu/4.8/../../.. CMakeFiles/cmTryCompileExec1543350935.dir/CMakeCXXCompilerABI.cpp.o -lstdc++ -lm -lgcc_s -lgcc -lc -lgcc_s -lgcc /usr/lib/gcc/x86_64-linux-gnu/4.8/crtend.o /usr/lib/gcc/x86_64-linux-gnu/4.8/../../../x86_64-linux-gnu/crtn.o]
    arg [/usr/lib/gcc/x86_64-linux-gnu/4.8/collect2] ==> ignore
    arg [--sysroot=/] ==> ignore
    arg [--build-id] ==> ignore
    arg [--eh-frame-hdr] ==> ignore
    arg [-m] ==> ignore
    arg [elf_x86_64] ==> ignore
    arg [--hash-style=gnu] ==> ignore
    arg [--as-needed] ==> ignore
    arg [-export-dynamic] ==> ignore
    arg [-dynamic-linker] ==> ignore
    arg [/lib64/ld-linux-x86-64.so.2] ==> ignore
    arg [-zrelro] ==> ignore
    arg [-o] ==> ignore
    arg [cmTryCompileExec1543350935] ==> ignore
    arg [/usr/lib/gcc/x86_64-linux-gnu/4.8/../../../x86_64-linux-gnu/crt1.o] ==> ignore
    arg [/usr/lib/gcc/x86_64-linux-gnu/4.8/../../../x86_64-linux-gnu/crti.o] ==> ignore
    arg [/usr/lib/gcc/x86_64-linux-gnu/4.8/crtbegin.o] ==> ignore
    arg [-L/usr/lib/gcc/x86_64-linux-gnu/4.8] ==> dir [/usr/lib/gcc/x86_64-linux-gnu/4.8]
    arg [-L/usr/lib/gcc/x86_64-linux-gnu/4.8/../../../x86_64-linux-gnu] ==> dir [/usr/lib/gcc/x86_64-linux-gnu/4.8/../../../x86_64-linux-gnu]
    arg [-L/usr/lib/gcc/x86_64-linux-gnu/4.8/../../../../lib] ==> dir [/usr/lib/gcc/x86_64-linux-gnu/4.8/../../../../lib]
    arg [-L/lib/x86_64-linux-gnu] ==> dir [/lib/x86_64-linux-gnu]
    arg [-L/lib/../lib] ==> dir [/lib/../lib]
    arg [-L/usr/lib/x86_64-linux-gnu] ==> dir [/usr/lib/x86_64-linux-gnu]
    arg [-L/usr/lib/../lib] ==> dir [/usr/lib/../lib]
    arg [-L/usr/lib/gcc/x86_64-linux-gnu/4.8/../../..] ==> dir [/usr/lib/gcc/x86_64-linux-gnu/4.8/../../..]
    arg [CMakeFiles/cmTryCompileExec1543350935.dir/CMakeCXXCompilerABI.cpp.o] ==> ignore
    arg [-lstdc++] ==> lib [stdc++]
    arg [-lm] ==> lib [m]
    arg [-lgcc_s] ==> lib [gcc_s]
    arg [-lgcc] ==> lib [gcc]
    arg [-lc] ==> lib [c]
    arg [-lgcc_s] ==> lib [gcc_s]
    arg [-lgcc] ==> lib [gcc]
    arg [/usr/lib/gcc/x86_64-linux-gnu/4.8/crtend.o] ==> ignore
    arg [/usr/lib/gcc/x86_64-linux-gnu/4.8/../../../x86_64-linux-gnu/crtn.o] ==> ignore
  remove lib [gcc_s]
  remove lib [gcc]
  remove lib [gcc_s]
  remove lib [gcc]
  collapse library dir [/usr/lib/gcc/x86_64-linux-gnu/4.8] ==> [/usr/lib/gcc/x86_64-linux-gnu/4.8]
  collapse library dir [/usr/lib/gcc/x86_64-linux-gnu/4.8/../../../x86_64-linux-gnu] ==> [/usr/lib/x86_64-linux-gnu]
  collapse library dir [/usr/lib/gcc/x86_64-linux-gnu/4.8/../../../../lib] ==> [/usr/lib]
  collapse library dir [/lib/x86_64-linux-gnu] ==> [/lib/x86_64-linux-gnu]
  collapse library dir [/lib/../lib] ==> [/lib]
  collapse library dir [/usr/lib/x86_64-linux-gnu] ==> [/usr/lib/x86_64-linux-gnu]
  collapse library dir [/usr/lib/../lib] ==> [/usr/lib]
  collapse library dir [/usr/lib/gcc/x86_64-linux-gnu/4.8/../../..] ==> [/usr/lib]
  implicit libs: [stdc++;m;c]
  implicit dirs: [/usr/lib/gcc/x86_64-linux-gnu/4.8;/usr/lib/x86_64-linux-gnu;/usr/lib;/lib/x86_64-linux-gnu;/lib]
  implicit fwks: []


Determining if files inttypes.h exist passed with the following output:
Change Dir: /home/vinod/Downloads/sd2/2.1.0/build/CMakeFiles/CMakeTmp

Run Build Command:/usr/bin/make "cmTryCompileExec1201274877/fast"
/usr/bin/make -f CMakeFiles/cmTryCompileExec1201274877.dir/build.make CMakeFiles/cmTryCompileExec1201274877.dir/build
make[1]: Entering directory `/home/vinod/Downloads/sd2/2.1.0/build/CMakeFiles/CMakeTmp'
/usr/bin/cmake -E cmake_progress_report /home/vinod/Downloads/sd2/2.1.0/build/CMakeFiles/CMakeTmp/CMakeFiles 1
Building C object CMakeFiles/cmTryCompileExec1201274877.dir/CheckIncludeFiles.c.o
/usr/bin/cc   -Wall -Wextra -Wno-unused-parameter -Wno-missing-field-initializers    -o CMakeFiles/cmTryCompileExec1201274877.dir/CheckIncludeFiles.c.o   -c /home/vinod/Downloads/sd2/2.1.0/build/CMakeFiles/CMakeTmp/CheckIncludeFiles.c
Linking C executable cmTryCompileExec1201274877
/usr/bin/cmake -E cmake_link_script CMakeFiles/cmTryCompileExec1201274877.dir/link.txt --verbose=1
/usr/bin/cc   -Wall -Wextra -Wno-unused-parameter -Wno-missing-field-initializers     CMakeFiles/cmTryCompileExec1201274877.dir/CheckIncludeFiles.c.o  -o cmTryCompileExec1201274877 -rdynamic 
make[1]: Leaving directory `/home/vinod/Downloads/sd2/2.1.0/build/CMakeFiles/CMakeTmp'


Determining if files memory.h exist passed with the following output:
Change Dir: /home/vinod/Downloads/sd2/2.1.0/build/CMakeFiles/CMakeTmp

Run Build Command:/usr/bin/make "cmTryCompileExec4267258931/fast"
/usr/bin/make -f CMakeFiles/cmTryCompileExec4267258931.dir/build.make CMakeFiles/cmTryCompileExec4267258931.dir/build
make[1]: Entering directory `/home/vinod/Downloads/sd2/2.1.0/build/CMakeFiles/CMakeTmp'
/usr/bin/cmake -E cmake_progress_report /home/vinod/Downloads/sd2/2.1.0/build/CMakeFiles/CMakeTmp/CMakeFiles 1
Building C object CMakeFiles/cmTryCompileExec4267258931.dir/CheckIncludeFiles.c.o
/usr/bin/cc   -Wall -Wextra -Wno-unused-parameter -Wno-missing-field-initializers    -o CMakeFiles/cmTryCompileExec4267258931.dir/CheckIncludeFiles.c.o   -c /home/vinod/Downloads/sd2/2.1.0/build/CMakeFiles/CMakeTmp/CheckIncludeFiles.c
Linking C executable cmTryCompileExec4267258931
/usr/bin/cmake -E cmake_link_script CMakeFiles/cmTryCompileExec4267258931.dir/link.txt --verbose=1
/usr/bin/cc   -Wall -Wextra -Wno-unused-parameter -Wno-missing-field-initializers     CMakeFiles/cmTryCompileExec4267258931.dir/CheckIncludeFiles.c.o  -o cmTryCompileExec4267258931 -rdynamic 
make[1]: Leaving directory `/home/vinod/Downloads/sd2/2.1.0/build/CMakeFiles/CMakeTmp'


Determining if files stdint.h exist passed with the following output:
Change Dir: /home/vinod/Downloads/sd2/2.1.0/build/CMakeFiles/CMakeTmp

Run Build Command:/usr/bin/make "cmTryCompileExec3999059006/fast"
/usr/bin/make -f CMakeFiles/cmTryCompileExec3999059006.dir/build.make CMakeFiles/cmTryCompileExec3999059006.dir/build
make[1]: Entering directory `/home/vinod/Downloads/sd2/2.1.0/build/CMakeFiles/CMakeTmp'
/usr/bin/cmake -E cmake_progress_report /home/vinod/Downloads/sd2/2.1.0/build/CMakeFiles/CMakeTmp/CMakeFiles 1
Building C object CMakeFiles/cmTryCompileExec3999059006.dir/CheckIncludeFiles.c.o
/usr/bin/cc   -Wall -Wextra -Wno-unused-parameter -Wno-missing-field-initializers    -o CMakeFiles/cmTryCompileExec3999059006.dir/CheckIncludeFiles.c.o   -c /home/vinod/Downloads/sd2/2.1.0/build/CMakeFiles/CMakeTmp/CheckIncludeFiles.c
Linking C executable cmTryCompileExec3999059006
/usr/bin/cmake -E cmake_link_script CMakeFiles/cmTryCompileExec3999059006.dir/link.txt --verbose=1
/usr/bin/cc   -Wall -Wextra -Wno-unused-parameter -Wno-missing-field-initializers     CMakeFiles/cmTryCompileExec3999059006.dir/CheckIncludeFiles.c.o  -o cmTryCompileExec3999059006 -rdynamic 
make[1]: Leaving directory `/home/vinod/Downloads/sd2/2.1.0/build/CMakeFiles/CMakeTmp'


Determining if files stdlib.h exist passed with the following output:
Change Dir: /home/vinod/Downloads/sd2/2.1.0/build/CMakeFiles/CMakeTmp

Run Build Command:/usr/bin/make "cmTryCompileExec548384490/fast"
/usr/bin/make -f CMakeFiles/cmTryCompileExec548384490.dir/build.make CMakeFiles/cmTryCompileExec548384490.dir/build
make[1]: Entering directory `/home/vinod/Downloads/sd2/2.1.0/build/CMakeFiles/CMakeTmp'
/usr/bin/cmake -E cmake_progress_report /home/vinod/Downloads/sd2/2.1.0/build/CMakeFiles/CMakeTmp/CMakeFiles 1
Building C object CMakeFiles/cmTryCompileExec548384490.dir/CheckIncludeFiles.c.o
/usr/bin/cc   -Wall -Wextra -Wno-unused-parameter -Wno-missing-field-initializers    -o CMakeFiles/cmTryCompileExec548384490.dir/CheckIncludeFiles.c.o   -c /home/vinod/Downloads/sd2/2.1.0/build/CMakeFiles/CMakeTmp/CheckIncludeFiles.c
Linking C executable cmTryCompileExec548384490
/usr/bin/cmake -E cmake_link_script CMakeFiles/cmTryCompileExec548384490.dir/link.txt --verbose=1
/usr/bin/cc   -Wall -Wextra -Wno-unused-parameter -Wno-missing-field-initializers     CMakeFiles/cmTryCompileExec548384490.dir/CheckIncludeFiles.c.o  -o cmTryCompileExec548384490 -rdynamic 
make[1]: Leaving directory `/home/vinod/Downloads/sd2/2.1.0/build/CMakeFiles/CMakeTmp'


Determining if files strings.h exist passed with the following output:
Change Dir: /home/vinod/Downloads/sd2/2.1.0/build/CMakeFiles/CMakeTmp

Run Build Command:/usr/bin/make "cmTryCompileExec2675144355/fast"
/usr/bin/make -f CMakeFiles/cmTryCompileExec2675144355.dir/build.make CMakeFiles/cmTryCompileExec2675144355.dir/build
make[1]: Entering directory `/home/vinod/Downloads/sd2/2.1.0/build/CMakeFiles/CMakeTmp'
/usr/bin/cmake -E cmake_progress_report /home/vinod/Downloads/sd2/2.1.0/build/CMakeFiles/CMakeTmp/CMakeFiles 1
Building C object CMakeFiles/cmTryCompileExec2675144355.dir/CheckIncludeFiles.c.o
/usr/bin/cc   -Wall -Wextra -Wno-unused-parameter -Wno-missing-field-initializers    -o CMakeFiles/cmTryCompileExec2675144355.dir/CheckIncludeFiles.c.o   -c /home/vinod/Downloads/sd2/2.1.0/build/CMakeFiles/CMakeTmp/CheckIncludeFiles.c
Linking C executable cmTryCompileExec2675144355
/usr/bin/cmake -E cmake_link_script CMakeFiles/cmTryCompileExec2675144355.dir/link.txt --verbose=1
/usr/bin/cc   -Wall -Wextra -Wno-unused-parameter -Wno-missing-field-initializers     CMakeFiles/cmTryCompileExec2675144355.dir/CheckIncludeFiles.c.o  -o cmTryCompileExec2675144355 -rdynamic 
make[1]: Leaving directory `/home/vinod/Downloads/sd2/2.1.0/build/CMakeFiles/CMakeTmp'


Determining if files string.h exist passed with the following output:
Change Dir: /home/vinod/Downloads/sd2/2.1.0/build/CMakeFiles/CMakeTmp

Run Build Command:/usr/bin/make "cmTryCompileExec28465765/fast"
/usr/bin/make -f CMakeFiles/cmTryCompileExec28465765.dir/build.make CMakeFiles/cmTryCompileExec28465765.dir/build
make[1]: Entering directory `/home/vinod/Downloads/sd2/2.1.0/build/CMakeFiles/CMakeTmp'
/usr/bin/cmake -E cmake_progress_report /home/vinod/Downloads/sd2/2.1.0/build/CMakeFiles/CMakeTmp/CMakeFiles 1
Building C object CMakeFiles/cmTryCompileExec28465765.dir/CheckIncludeFiles.c.o
/usr/bin/cc   -Wall -Wextra -Wno-unused-parameter -Wno-missing-field-initializers    -o CMakeFiles/cmTryCompileExec28465765.dir/CheckIncludeFiles.c.o   -c /home/vinod/Downloads/sd2/2.1.0/build/CMakeFiles/CMakeTmp/CheckIncludeFiles.c
Linking C executable cmTryCompileExec28465765
/usr/bin/cmake -E cmake_link_script CMakeFiles/cmTryCompileExec28465765.dir/link.txt --verbose=1
/usr/bin/cc   -Wall -Wextra -Wno-unused-parameter -Wno-missing-field-initializers     CMakeFiles/cmTryCompileExec28465765.dir/CheckIncludeFiles.c.o  -o cmTryCompileExec28465765 -rdynamic 
make[1]: Leaving directory `/home/vinod/Downloads/sd2/2.1.0/build/CMakeFiles/CMakeTmp'


Determining if files sys/stat.h exist passed with the following output:
Change Dir: /home/vinod/Downloads/sd2/2.1.0/build/CMakeFiles/CMakeTmp

Run Build Command:/usr/bin/make "cmTryCompileExec556803310/fast"
/usr/bin/make -f CMakeFiles/cmTryCompileExec556803310.dir/build.make CMakeFiles/cmTryCompileExec556803310.dir/build
make[1]: Entering directory `/home/vinod/Downloads/sd2/2.1.0/build/CMakeFiles/CMakeTmp'
/usr/bin/cmake -E cmake_progress_report /home/vinod/Downloads/sd2/2.1.0/build/CMakeFiles/CMakeTmp/CMakeFiles 1
Building C object CMakeFiles/cmTryCompileExec556803310.dir/CheckIncludeFiles.c.o
/usr/bin/cc   -Wall -Wextra -Wno-unused-parameter -Wno-missing-field-initializers    -o CMakeFiles/cmTryCompileExec556803310.dir/CheckIncludeFiles.c.o   -c /home/vinod/Downloads/sd2/2.1.0/build/CMakeFiles/CMakeTmp/CheckIncludeFiles.c
Linking C executable cmTryCompileExec556803310
/usr/bin/cmake -E cmake_link_script CMakeFiles/cmTryCompileExec556803310.dir/link.txt --verbose=1
/usr/bin/cc   -Wall -Wextra -Wno-unused-parameter -Wno-missing-field-initializers     CMakeFiles/cmTryCompileExec556803310.dir/CheckIncludeFiles.c.o  -o cmTryCompileExec556803310 -rdynamic 
make[1]: Leaving directory `/home/vinod/Downloads/sd2/2.1.0/build/CMakeFiles/CMakeTmp'


Determining if files sys/types.h exist passed with the following output:
Change Dir: /home/vinod/Downloads/sd2/2.1.0/build/CMakeFiles/CMakeTmp

Run Build Command:/usr/bin/make "cmTryCompileExec2480812434/fast"
/usr/bin/make -f CMakeFiles/cmTryCompileExec2480812434.dir/build.make CMakeFiles/cmTryCompileExec2480812434.dir/build
make[1]: Entering directory `/home/vinod/Downloads/sd2/2.1.0/build/CMakeFiles/CMakeTmp'
/usr/bin/cmake -E cmake_progress_report /home/vinod/Downloads/sd2/2.1.0/build/CMakeFiles/CMakeTmp/CMakeFiles 1
Building C object CMakeFiles/cmTryCompileExec2480812434.dir/CheckIncludeFiles.c.o
/usr/bin/cc   -Wall -Wextra -Wno-unused-parameter -Wno-missing-field-initializers    -o CMakeFiles/cmTryCompileExec2480812434.dir/CheckIncludeFiles.c.o   -c /home/vinod/Downloads/sd2/2.1.0/build/CMakeFiles/CMakeTmp/CheckIncludeFiles.c
Linking C executable cmTryCompileExec2480812434
/usr/bin/cmake -E cmake_link_script CMakeFiles/cmTryCompileExec2480812434.dir/link.txt --verbose=1
/usr/bin/cc   -Wall -Wextra -Wno-unused-parameter -Wno-missing-field-initializers     CMakeFiles/cmTryCompileExec2480812434.dir/CheckIncludeFiles.c.o  -o cmTryCompileExec2480812434 -rdynamic 
make[1]: Leaving directory `/home/vinod/Downloads/sd2/2.1.0/build/CMakeFiles/CMakeTmp'


Determining if files unistd.h exist passed with the following output:
Change Dir: /home/vinod/Downloads/sd2/2.1.0/build/CMakeFiles/CMakeTmp

Run Build Command:/usr/bin/make "cmTryCompileExec4179614803/fast"
/usr/bin/make -f CMakeFiles/cmTryCompileExec4179614803.dir/build.make CMakeFiles/cmTryCompileExec4179614803.dir/build
make[1]: Entering directory `/home/vinod/Downloads/sd2/2.1.0/build/CMakeFiles/CMakeTmp'
/usr/bin/cmake -E cmake_progress_report /home/vinod/Downloads/sd2/2.1.0/build/CMakeFiles/CMakeTmp/CMakeFiles 1
Building C object CMakeFiles/cmTryCompileExec4179614803.dir/CheckIncludeFiles.c.o
/usr/bin/cc   -Wall -Wextra -Wno-unused-parameter -Wno-missing-field-initializers    -o CMakeFiles/cmTryCompileExec4179614803.dir/CheckIncludeFiles.c.o   -c /home/vinod/Downloads/sd2/2.1.0/build/CMakeFiles/CMakeTmp/CheckIncludeFiles.c
Linking C executable cmTryCompileExec4179614803
/usr/bin/cmake -E cmake_link_script CMakeFiles/cmTryCompileExec4179614803.dir/link.txt --verbose=1
/usr/bin/cc   -Wall -Wextra -Wno-unused-parameter -Wno-missing-field-initializers     CMakeFiles/cmTryCompileExec4179614803.dir/CheckIncludeFiles.c.o  -o cmTryCompileExec4179614803 -rdynamic 
make[1]: Leaving directory `/home/vinod/Downloads/sd2/2.1.0/build/CMakeFiles/CMakeTmp'


Determining if the function strndup exists passed with the following output:
Change Dir: /home/vinod/Downloads/sd2/2.1.0/build/CMakeFiles/CMakeTmp

Run Build Command:/usr/bin/make "cmTryCompileExec2889259448/fast"
/usr/bin/make -f CMakeFiles/cmTryCompileExec2889259448.dir/build.make CMakeFiles/cmTryCompileExec2889259448.dir/build
make[1]: Entering directory `/home/vinod/Downloads/sd2/2.1.0/build/CMakeFiles/CMakeTmp'
/usr/bin/cmake -E cmake_progress_report /home/vinod/Downloads/sd2/2.1.0/build/CMakeFiles/CMakeTmp/CMakeFiles 1
Building C object CMakeFiles/cmTryCompileExec2889259448.dir/CheckFunctionExists.c.o
/usr/bin/cc   -Wall -Wextra -Wno-unused-parameter -Wno-missing-field-initializers -DCHECK_FUNCTION_EXISTS=strndup   -o CMakeFiles/cmTryCompileExec2889259448.dir/CheckFunctionExists.c.o   -c /usr/share/cmake-2.8/Modules/CheckFunctionExists.c
<command-line>:0:23: warning: conflicting types for built-in function ‘strndup’ [enabled by default]
/usr/share/cmake-2.8/Modules/CheckFunctionExists.c:3:6: note: in expansion of macro ‘CHECK_FUNCTION_EXISTS’
 char CHECK_FUNCTION_EXISTS();
      ^
Linking C executable cmTryCompileExec2889259448
/usr/bin/cmake -E cmake_link_script CMakeFiles/cmTryCompileExec2889259448.dir/link.txt --verbose=1
/usr/bin/cc   -Wall -Wextra -Wno-unused-parameter -Wno-missing-field-initializers -DCHECK_FUNCTION_EXISTS=strndup    CMakeFiles/cmTryCompileExec2889259448.dir/CheckFunctionExists.c.o  -o cmTryCompileExec2889259448 -rdynamic 
make[1]: Leaving directory `/home/vinod/Downloads/sd2/2.1.0/build/CMakeFiles/CMakeTmp'


Determining if the function strtok_r exists passed with the following output:
Change Dir: /home/vinod/Downloads/sd2/2.1.0/build/CMakeFiles/CMakeTmp

Run Build Command:/usr/bin/make "cmTryCompileExec161033553/fast"
/usr/bin/make -f CMakeFiles/cmTryCompileExec161033553.dir/build.make CMakeFiles/cmTryCompileExec161033553.dir/build
make[1]: Entering directory `/home/vinod/Downloads/sd2/2.1.0/build/CMakeFiles/CMakeTmp'
/usr/bin/cmake -E cmake_progress_report /home/vinod/Downloads/sd2/2.1.0/build/CMakeFiles/CMakeTmp/CMakeFiles 1
Building C object CMakeFiles/cmTryCompileExec161033553.dir/CheckFunctionExists.c.o
/usr/bin/cc   -Wall -Wextra -Wno-unused-parameter -Wno-missing-field-initializers -DCHECK_FUNCTION_EXISTS=strtok_r   -o CMakeFiles/cmTryCompileExec161033553.dir/CheckFunctionExists.c.o   -c /usr/share/cmake-2.8/Modules/CheckFunctionExists.c
Linking C executable cmTryCompileExec161033553
/usr/bin/cmake -E cmake_link_script CMakeFiles/cmTryCompileExec161033553.dir/link.txt --verbose=1
/usr/bin/cc   -Wall -Wextra -Wno-unused-parameter -Wno-missing-field-initializers -DCHECK_FUNCTION_EXISTS=strtok_r    CMakeFiles/cmTryCompileExec161033553.dir/CheckFunctionExists.c.o  -o cmTryCompileExec161033553 -rdynamic 
make[1]: Leaving directory `/home/vinod/Downloads/sd2/2.1.0/build/CMakeFiles/CMakeTmp'


Determining if the function isnan exists passed with the following output:
Change Dir: /home/vinod/Downloads/sd2/2.1.0/build/CMakeFiles/CMakeTmp

Run Build Command:/usr/bin/make "cmTryCompileExec1117920020/fast"
/usr/bin/make -f CMakeFiles/cmTryCompileExec1117920020.dir/build.make CMakeFiles/cmTryCompileExec1117920020.dir/build
make[1]: Entering directory `/home/vinod/Downloads/sd2/2.1.0/build/CMakeFiles/CMakeTmp'
/usr/bin/cmake -E cmake_progress_report /home/vinod/Downloads/sd2/2.1.0/build/CMakeFiles/CMakeTmp/CMakeFiles 1
Building C object CMakeFiles/cmTryCompileExec1117920020.dir/CheckFunctionExists.c.o
/usr/bin/cc   -Wall -Wextra -Wno-unused-parameter -Wno-missing-field-initializers -DCHECK_FUNCTION_EXISTS=isnan   -o CMakeFiles/cmTryCompileExec1117920020.dir/CheckFunctionExists.c.o   -c /usr/share/cmake-2.8/Modules/CheckFunctionExists.c
<command-line>:0:23: warning: conflicting types for built-in function ‘isnan’ [enabled by default]
/usr/share/cmake-2.8/Modules/CheckFunctionExists.c:3:6: note: in expansion of macro ‘CHECK_FUNCTION_EXISTS’
 char CHECK_FUNCTION_EXISTS();
      ^
Linking C executable cmTryCompileExec1117920020
/usr/bin/cmake -E cmake_link_script CMakeFiles/cmTryCompileExec1117920020.dir/link.txt --verbose=1
/usr/bin/cc   -Wall -Wextra -Wno-unused-parameter -Wno-missing-field-initializers -DCHECK_FUNCTION_EXISTS=isnan    CMakeFiles/cmTryCompileExec1117920020.dir/CheckFunctionExists.c.o  -o cmTryCompileExec1117920020 -rdynamic 
make[1]: Leaving directory `/home/vinod/Downloads/sd2/2.1.0/build/CMakeFiles/CMakeTmp'


Determining if the function XOpenDisplay exists in the /usr/lib/x86_64-linux-gnu/libX11.so;/usr/lib/x86_64-linux-gnu/libXext.so passed with the following output:
Change Dir: /home/vinod/Downloads/sd2/2.1.0/build/CMakeFiles/CMakeTmp

Run Build Command:/usr/bin/make "cmTryCompileExec1258496888/fast"
/usr/bin/make -f CMakeFiles/cmTryCompileExec1258496888.dir/build.make CMakeFiles/cmTryCompileExec1258496888.dir/build
make[1]: Entering directory `/home/vinod/Downloads/sd2/2.1.0/build/CMakeFiles/CMakeTmp'
/usr/bin/cmake -E cmake_progress_report /home/vinod/Downloads/sd2/2.1.0/build/CMakeFiles/CMakeTmp/CMakeFiles 1
Building C object CMakeFiles/cmTryCompileExec1258496888.dir/CheckFunctionExists.c.o
/usr/bin/cc   -Wall -Wextra -Wno-unused-parameter -Wno-missing-field-initializers -DCHECK_FUNCTION_EXISTS=XOpenDisplay   -o CMakeFiles/cmTryCompileExec1258496888.dir/CheckFunctionExists.c.o   -c /usr/share/cmake-2.8/Modules/CheckFunctionExists.c
Linking C executable cmTryCompileExec1258496888
/usr/bin/cmake -E cmake_link_script CMakeFiles/cmTryCompileExec1258496888.dir/link.txt --verbose=1
/usr/bin/cc   -Wall -Wextra -Wno-unused-parameter -Wno-missing-field-initializers -DCHECK_FUNCTION_EXISTS=XOpenDisplay    CMakeFiles/cmTryCompileExec1258496888.dir/CheckFunctionExists.c.o  -o cmTryCompileExec1258496888 -rdynamic -lX11 -lXext 
make[1]: Leaving directory `/home/vinod/Downloads/sd2/2.1.0/build/CMakeFiles/CMakeTmp'


Determining if the function gethostbyname exists passed with the following output:
Change Dir: /home/vinod/Downloads/sd2/2.1.0/build/CMakeFiles/CMakeTmp

Run Build Command:/usr/bin/make "cmTryCompileExec2384032663/fast"
/usr/bin/make -f CMakeFiles/cmTryCompileExec2384032663.dir/build.make CMakeFiles/cmTryCompileExec2384032663.dir/build
make[1]: Entering directory `/home/vinod/Downloads/sd2/2.1.0/build/CMakeFiles/CMakeTmp'
/usr/bin/cmake -E cmake_progress_report /home/vinod/Downloads/sd2/2.1.0/build/CMakeFiles/CMakeTmp/CMakeFiles 1
Building C object CMakeFiles/cmTryCompileExec2384032663.dir/CheckFunctionExists.c.o
/usr/bin/cc   -Wall -Wextra -Wno-unused-parameter -Wno-missing-field-initializers -DCHECK_FUNCTION_EXISTS=gethostbyname   -o CMakeFiles/cmTryCompileExec2384032663.dir/CheckFunctionExists.c.o   -c /usr/share/cmake-2.8/Modules/CheckFunctionExists.c
Linking C executable cmTryCompileExec2384032663
/usr/bin/cmake -E cmake_link_script CMakeFiles/cmTryCompileExec2384032663.dir/link.txt --verbose=1
/usr/bin/cc   -Wall -Wextra -Wno-unused-parameter -Wno-missing-field-initializers -DCHECK_FUNCTION_EXISTS=gethostbyname    CMakeFiles/cmTryCompileExec2384032663.dir/CheckFunctionExists.c.o  -o cmTryCompileExec2384032663 -rdynamic 
make[1]: Leaving directory `/home/vinod/Downloads/sd2/2.1.0/build/CMakeFiles/CMakeTmp'


Determining if the function connect exists passed with the following output:
Change Dir: /home/vinod/Downloads/sd2/2.1.0/build/CMakeFiles/CMakeTmp

Run Build Command:/usr/bin/make "cmTryCompileExec3509197783/fast"
/usr/bin/make -f CMakeFiles/cmTryCompileExec3509197783.dir/build.make CMakeFiles/cmTryCompileExec3509197783.dir/build
make[1]: Entering directory `/home/vinod/Downloads/sd2/2.1.0/build/CMakeFiles/CMakeTmp'
/usr/bin/cmake -E cmake_progress_report /home/vinod/Downloads/sd2/2.1.0/build/CMakeFiles/CMakeTmp/CMakeFiles 1
Building C object CMakeFiles/cmTryCompileExec3509197783.dir/CheckFunctionExists.c.o
/usr/bin/cc   -Wall -Wextra -Wno-unused-parameter -Wno-missing-field-initializers -DCHECK_FUNCTION_EXISTS=connect   -o CMakeFiles/cmTryCompileExec3509197783.dir/CheckFunctionExists.c.o   -c /usr/share/cmake-2.8/Modules/CheckFunctionExists.c
Linking C executable cmTryCompileExec3509197783
/usr/bin/cmake -E cmake_link_script CMakeFiles/cmTryCompileExec3509197783.dir/link.txt --verbose=1
/usr/bin/cc   -Wall -Wextra -Wno-unused-parameter -Wno-missing-field-initializers -DCHECK_FUNCTION_EXISTS=connect    CMakeFiles/cmTryCompileExec3509197783.dir/CheckFunctionExists.c.o  -o cmTryCompileExec3509197783 -rdynamic 
make[1]: Leaving directory `/home/vinod/Downloads/sd2/2.1.0/build/CMakeFiles/CMakeTmp'


Determining if the function remove exists passed with the following output:
Change Dir: /home/vinod/Downloads/sd2/2.1.0/build/CMakeFiles/CMakeTmp

Run Build Command:/usr/bin/make "cmTryCompileExec1228657396/fast"
/usr/bin/make -f CMakeFiles/cmTryCompileExec1228657396.dir/build.make CMakeFiles/cmTryCompileExec1228657396.dir/build
make[1]: Entering directory `/home/vinod/Downloads/sd2/2.1.0/build/CMakeFiles/CMakeTmp'
/usr/bin/cmake -E cmake_progress_report /home/vinod/Downloads/sd2/2.1.0/build/CMakeFiles/CMakeTmp/CMakeFiles 1
Building C object CMakeFiles/cmTryCompileExec1228657396.dir/CheckFunctionExists.c.o
/usr/bin/cc   -Wall -Wextra -Wno-unused-parameter -Wno-missing-field-initializers -DCHECK_FUNCTION_EXISTS=remove   -o CMakeFiles/cmTryCompileExec1228657396.dir/CheckFunctionExists.c.o   -c /usr/share/cmake-2.8/Modules/CheckFunctionExists.c
Linking C executable cmTryCompileExec1228657396
/usr/bin/cmake -E cmake_link_script CMakeFiles/cmTryCompileExec1228657396.dir/link.txt --verbose=1
/usr/bin/cc   -Wall -Wextra -Wno-unused-parameter -Wno-missing-field-initializers -DCHECK_FUNCTION_EXISTS=remove    CMakeFiles/cmTryCompileExec1228657396.dir/CheckFunctionExists.c.o  -o cmTryCompileExec1228657396 -rdynamic 
make[1]: Leaving directory `/home/vinod/Downloads/sd2/2.1.0/build/CMakeFiles/CMakeTmp'


Determining if the function shmat exists passed with the following output:
Change Dir: /home/vinod/Downloads/sd2/2.1.0/build/CMakeFiles/CMakeTmp

Run Build Command:/usr/bin/make "cmTryCompileExec676395960/fast"
/usr/bin/make -f CMakeFiles/cmTryCompileExec676395960.dir/build.make CMakeFiles/cmTryCompileExec676395960.dir/build
make[1]: Entering directory `/home/vinod/Downloads/sd2/2.1.0/build/CMakeFiles/CMakeTmp'
/usr/bin/cmake -E cmake_progress_report /home/vinod/Downloads/sd2/2.1.0/build/CMakeFiles/CMakeTmp/CMakeFiles 1
Building C object CMakeFiles/cmTryCompileExec676395960.dir/CheckFunctionExists.c.o
/usr/bin/cc   -Wall -Wextra -Wno-unused-parameter -Wno-missing-field-initializers -DCHECK_FUNCTION_EXISTS=shmat   -o CMakeFiles/cmTryCompileExec676395960.dir/CheckFunctionExists.c.o   -c /usr/share/cmake-2.8/Modules/CheckFunctionExists.c
Linking C executable cmTryCompileExec676395960
/usr/bin/cmake -E cmake_link_script CMakeFiles/cmTryCompileExec676395960.dir/link.txt --verbose=1
/usr/bin/cc   -Wall -Wextra -Wno-unused-parameter -Wno-missing-field-initializers -DCHECK_FUNCTION_EXISTS=shmat    CMakeFiles/cmTryCompileExec676395960.dir/CheckFunctionExists.c.o  -o cmTryCompileExec676395960 -rdynamic 
make[1]: Leaving directory `/home/vinod/Downloads/sd2/2.1.0/build/CMakeFiles/CMakeTmp'


Determining if the function IceConnectionNumber exists in the ICE passed with the following output:
Change Dir: /home/vinod/Downloads/sd2/2.1.0/build/CMakeFiles/CMakeTmp

Run Build Command:/usr/bin/make "cmTryCompileExec2756244382/fast"
/usr/bin/make -f CMakeFiles/cmTryCompileExec2756244382.dir/build.make CMakeFiles/cmTryCompileExec2756244382.dir/build
make[1]: Entering directory `/home/vinod/Downloads/sd2/2.1.0/build/CMakeFiles/CMakeTmp'
/usr/bin/cmake -E cmake_progress_report /home/vinod/Downloads/sd2/2.1.0/build/CMakeFiles/CMakeTmp/CMakeFiles 1
Building C object CMakeFiles/cmTryCompileExec2756244382.dir/CheckFunctionExists.c.o
/usr/bin/cc   -Wall -Wextra -Wno-unused-parameter -Wno-missing-field-initializers -DCHECK_FUNCTION_EXISTS=IceConnectionNumber   -o CMakeFiles/cmTryCompileExec2756244382.dir/CheckFunctionExists.c.o   -c /usr/share/cmake-2.8/Modules/CheckFunctionExists.c
Linking C executable cmTryCompileExec2756244382
/usr/bin/cmake -E cmake_link_script CMakeFiles/cmTryCompileExec2756244382.dir/link.txt --verbose=1
/usr/bin/cc   -Wall -Wextra -Wno-unused-parameter -Wno-missing-field-initializers -DCHECK_FUNCTION_EXISTS=IceConnectionNumber    CMakeFiles/cmTryCompileExec2756244382.dir/CheckFunctionExists.c.o  -o cmTryCompileExec2756244382 -rdynamic -lICE 
make[1]: Leaving directory `/home/vinod/Downloads/sd2/2.1.0/build/CMakeFiles/CMakeTmp'


Determining if the function sin exists in the m passed with the following output:
Change Dir: /home/vinod/Downloads/sd2/2.1.0/build/CMakeFiles/CMakeTmp

Run Build Command:/usr/bin/make "cmTryCompileExec1693767803/fast"
/usr/bin/make -f CMakeFiles/cmTryCompileExec1693767803.dir/build.make CMakeFiles/cmTryCompileExec1693767803.dir/build
make[1]: Entering directory `/home/vinod/Downloads/sd2/2.1.0/build/CMakeFiles/CMakeTmp'
/usr/bin/cmake -E cmake_progress_report /home/vinod/Downloads/sd2/2.1.0/build/CMakeFiles/CMakeTmp/CMakeFiles 1
Building C object CMakeFiles/cmTryCompileExec1693767803.dir/CheckFunctionExists.c.o
/usr/bin/cc   -Wall -Wextra -Wno-unused-parameter -Wno-missing-field-initializers -DCHECK_FUNCTION_EXISTS=sin   -o CMakeFiles/cmTryCompileExec1693767803.dir/CheckFunctionExists.c.o   -c /usr/share/cmake-2.8/Modules/CheckFunctionExists.c
<command-line>:0:23: warning: conflicting types for built-in function ‘sin’ [enabled by default]
/usr/share/cmake-2.8/Modules/CheckFunctionExists.c:3:6: note: in expansion of macro ‘CHECK_FUNCTION_EXISTS’
 char CHECK_FUNCTION_EXISTS();
      ^
Linking C executable cmTryCompileExec1693767803
/usr/bin/cmake -E cmake_link_script CMakeFiles/cmTryCompileExec1693767803.dir/link.txt --verbose=1
/usr/bin/cc   -Wall -Wextra -Wno-unused-parameter -Wno-missing-field-initializers -DCHECK_FUNCTION_EXISTS=sin    CMakeFiles/cmTryCompileExec1693767803.dir/CheckFunctionExists.c.o  -o cmTryCompileExec1693767803 -rdynamic -lm 
make[1]: Leaving directory `/home/vinod/Downloads/sd2/2.1.0/build/CMakeFiles/CMakeTmp'


Determining if the function XShmCreateImage exists in the Xext passed with the following output:
Change Dir: /home/vinod/Downloads/sd2/2.1.0/build/CMakeFiles/CMakeTmp

Run Build Command:/usr/bin/make "cmTryCompileExec1479099220/fast"
/usr/bin/make -f CMakeFiles/cmTryCompileExec1479099220.dir/build.make CMakeFiles/cmTryCompileExec1479099220.dir/build
make[1]: Entering directory `/home/vinod/Downloads/sd2/2.1.0/build/CMakeFiles/CMakeTmp'
/usr/bin/cmake -E cmake_progress_report /home/vinod/Downloads/sd2/2.1.0/build/CMakeFiles/CMakeTmp/CMakeFiles 1
Building C object CMakeFiles/cmTryCompileExec1479099220.dir/CheckFunctionExists.c.o
/usr/bin/cc   -Wall -Wextra -Wno-unused-parameter -Wno-missing-field-initializers -DCHECK_FUNCTION_EXISTS=XShmCreateImage   -o CMakeFiles/cmTryCompileExec1479099220.dir/CheckFunctionExists.c.o   -c /usr/share/cmake-2.8/Modules/CheckFunctionExists.c
Linking C executable cmTryCompileExec1479099220
/usr/bin/cmake -E cmake_link_script CMakeFiles/cmTryCompileExec1479099220.dir/link.txt --verbose=1
/usr/bin/cc   -Wall -Wextra -Wno-unused-parameter -Wno-missing-field-initializers -DCHECK_FUNCTION_EXISTS=XShmCreateImage    CMakeFiles/cmTryCompileExec1479099220.dir/CheckFunctionExists.c.o  -o cmTryCompileExec1479099220 -rdynamic -lXext 
make[1]: Leaving directory `/home/vinod/Downloads/sd2/2.1.0/build/CMakeFiles/CMakeTmp'


Determining if the function IceSetIOErrorHandler exists in the ICE passed with the following output:
Change Dir: /home/vinod/Downloads/sd2/2.1.0/build/CMakeFiles/CMakeTmp

Run Build Command:/usr/bin/make "cmTryCompileExec675266295/fast"
/usr/bin/make -f CMakeFiles/cmTryCompileExec675266295.dir/build.make CMakeFiles/cmTryCompileExec675266295.dir/build
make[1]: Entering directory `/home/vinod/Downloads/sd2/2.1.0/build/CMakeFiles/CMakeTmp'
/usr/bin/cmake -E cmake_progress_report /home/vinod/Downloads/sd2/2.1.0/build/CMakeFiles/CMakeTmp/CMakeFiles 1
Building C object CMakeFiles/cmTryCompileExec675266295.dir/CheckFunctionExists.c.o
/usr/bin/cc   -Wall -Wextra -Wno-unused-parameter -Wno-missing-field-initializers -DCHECK_FUNCTION_EXISTS=IceSetIOErrorHandler   -o CMakeFiles/cmTryCompileExec675266295.dir/CheckFunctionExists.c.o   -c /usr/share/cmake-2.8/Modules/CheckFunctionExists.c
Linking C executable cmTryCompileExec675266295
/usr/bin/cmake -E cmake_link_script CMakeFiles/cmTryCompileExec675266295.dir/link.txt --verbose=1
/usr/bin/cc   -Wall -Wextra -Wno-unused-parameter -Wno-missing-field-initializers -DCHECK_FUNCTION_EXISTS=IceSetIOErrorHandler    CMakeFiles/cmTryCompileExec675266295.dir/CheckFunctionExists.c.o  -o cmTryCompileExec675266295 -rdynamic -lICE 
make[1]: Leaving directory `/home/vinod/Downloads/sd2/2.1.0/build/CMakeFiles/CMakeTmp'


Determining if the function SmsSetErrorHandler exists in the SM passed with the following output:
Change Dir: /home/vinod/Downloads/sd2/2.1.0/build/CMakeFiles/CMakeTmp

Run Build Command:/usr/bin/make "cmTryCompileExec1510438207/fast"
/usr/bin/make -f CMakeFiles/cmTryCompileExec1510438207.dir/build.make CMakeFiles/cmTryCompileExec1510438207.dir/build
make[1]: Entering directory `/home/vinod/Downloads/sd2/2.1.0/build/CMakeFiles/CMakeTmp'
/usr/bin/cmake -E cmake_progress_report /home/vinod/Downloads/sd2/2.1.0/build/CMakeFiles/CMakeTmp/CMakeFiles 1
Building C object CMakeFiles/cmTryCompileExec1510438207.dir/CheckFunctionExists.c.o
/usr/bin/cc   -Wall -Wextra -Wno-unused-parameter -Wno-missing-field-initializers -DCHECK_FUNCTION_EXISTS=SmsSetErrorHandler   -o CMakeFiles/cmTryCompileExec1510438207.dir/CheckFunctionExists.c.o   -c /usr/share/cmake-2.8/Modules/CheckFunctionExists.c
Linking C executable cmTryCompileExec1510438207
/usr/bin/cmake -E cmake_link_script CMakeFiles/cmTryCompileExec1510438207.dir/link.txt --verbose=1
/usr/bin/cc   -Wall -Wextra -Wno-unused-parameter -Wno-missing-field-initializers -DCHECK_FUNCTION_EXISTS=SmsSetErrorHandler    CMakeFiles/cmTryCompileExec1510438207.dir/CheckFunctionExists.c.o  -o cmTryCompileExec1510438207 -rdynamic -lSM 
make[1]: Leaving directory `/home/vinod/Downloads/sd2/2.1.0/build/CMakeFiles/CMakeTmp'


Determining if the function XtDisplay exists in the Xt passed with the following output:
Change Dir: /home/vinod/Downloads/sd2/2.1.0/build/CMakeFiles/CMakeTmp

Run Build Command:/usr/bin/make "cmTryCompileExec909852212/fast"
/usr/bin/make -f CMakeFiles/cmTryCompileExec909852212.dir/build.make CMakeFiles/cmTryCompileExec909852212.dir/build
make[1]: Entering directory `/home/vinod/Downloads/sd2/2.1.0/build/CMakeFiles/CMakeTmp'
/usr/bin/cmake -E cmake_progress_report /home/vinod/Downloads/sd2/2.1.0/build/CMakeFiles/CMakeTmp/CMakeFiles 1
Building C object CMakeFiles/cmTryCompileExec909852212.dir/CheckFunctionExists.c.o
/usr/bin/cc   -Wall -Wextra -Wno-unused-parameter -Wno-missing-field-initializers -DCHECK_FUNCTION_EXISTS=XtDisplay   -o CMakeFiles/cmTryCompileExec909852212.dir/CheckFunctionExists.c.o   -c /usr/share/cmake-2.8/Modules/CheckFunctionExists.c
Linking C executable cmTryCompileExec909852212
/usr/bin/cmake -E cmake_link_script CMakeFiles/cmTryCompileExec909852212.dir/link.txt --verbose=1
/usr/bin/cc   -Wall -Wextra -Wno-unused-parameter -Wno-missing-field-initializers -DCHECK_FUNCTION_EXISTS=XtDisplay    CMakeFiles/cmTryCompileExec909852212.dir/CheckFunctionExists.c.o  -o cmTryCompileExec909852212 -rdynamic -lXt 
make[1]: Leaving directory `/home/vinod/Downloads/sd2/2.1.0/build/CMakeFiles/CMakeTmp'


Determining if the function XOpenDevice exists in the Xi passed with the following output:
Change Dir: /home/vinod/Downloads/sd2/2.1.0/build/CMakeFiles/CMakeTmp

Run Build Command:/usr/bin/make "cmTryCompileExec3370640803/fast"
/usr/bin/make -f CMakeFiles/cmTryCompileExec3370640803.dir/build.make CMakeFiles/cmTryCompileExec3370640803.dir/build
make[1]: Entering directory `/home/vinod/Downloads/sd2/2.1.0/build/CMakeFiles/CMakeTmp'
/usr/bin/cmake -E cmake_progress_report /home/vinod/Downloads/sd2/2.1.0/build/CMakeFiles/CMakeTmp/CMakeFiles 1
Building C object CMakeFiles/cmTryCompileExec3370640803.dir/CheckFunctionExists.c.o
/usr/bin/cc   -Wall -Wextra -Wno-unused-parameter -Wno-missing-field-initializers -DCHECK_FUNCTION_EXISTS=XOpenDevice   -o CMakeFiles/cmTryCompileExec3370640803.dir/CheckFunctionExists.c.o   -c /usr/share/cmake-2.8/Modules/CheckFunctionExists.c
Linking C executable cmTryCompileExec3370640803
/usr/bin/cmake -E cmake_link_script CMakeFiles/cmTryCompileExec3370640803.dir/link.txt --verbose=1
/usr/bin/cc   -Wall -Wextra -Wno-unused-parameter -Wno-missing-field-initializers -DCHECK_FUNCTION_EXISTS=XOpenDevice    CMakeFiles/cmTryCompileExec3370640803.dir/CheckFunctionExists.c.o  -o cmTryCompileExec3370640803 -rdynamic -lXi 
make[1]: Leaving directory `/home/vinod/Downloads/sd2/2.1.0/build/CMakeFiles/CMakeTmp'


Determining if the function XmuSimpleErrorHandler exists in the Xmu passed with the following output:
Change Dir: /home/vinod/Downloads/sd2/2.1.0/build/CMakeFiles/CMakeTmp

Run Build Command:/usr/bin/make "cmTryCompileExec2258894308/fast"
/usr/bin/make -f CMakeFiles/cmTryCompileExec2258894308.dir/build.make CMakeFiles/cmTryCompileExec2258894308.dir/build
make[1]: Entering directory `/home/vinod/Downloads/sd2/2.1.0/build/CMakeFiles/CMakeTmp'
/usr/bin/cmake -E cmake_progress_report /home/vinod/Downloads/sd2/2.1.0/build/CMakeFiles/CMakeTmp/CMakeFiles 1
Building C object CMakeFiles/cmTryCompileExec2258894308.dir/CheckFunctionExists.c.o
/usr/bin/cc   -Wall -Wextra -Wno-unused-parameter -Wno-missing-field-initializers -DCHECK_FUNCTION_EXISTS=XmuSimpleErrorHandler   -o CMakeFiles/cmTryCompileExec2258894308.dir/CheckFunctionExists.c.o   -c /usr/share/cmake-2.8/Modules/CheckFunctionExists.c
Linking C executable cmTryCompileExec2258894308
/usr/bin/cmake -E cmake_link_script CMakeFiles/cmTryCompileExec2258894308.dir/link.txt --verbose=1
/usr/bin/cc   -Wall -Wextra -Wno-unused-parameter -Wno-missing-field-initializers -DCHECK_FUNCTION_EXISTS=XmuSimpleErrorHandler    CMakeFiles/cmTryCompileExec2258894308.dir/CheckFunctionExists.c.o  -o cmTryCompileExec2258894308 -rdynamic -lXmu 
make[1]: Leaving directory `/home/vinod/Downloads/sd2/2.1.0/build/CMakeFiles/CMakeTmp'


Determining if the function XF86VidModeSetViewPort exists in the Xxf86vm passed with the following output:
Change Dir: /home/vinod/Downloads/sd2/2.1.0/build/CMakeFiles/CMakeTmp

Run Build Command:/usr/bin/make "cmTryCompileExec3243930554/fast"
/usr/bin/make -f CMakeFiles/cmTryCompileExec3243930554.dir/build.make CMakeFiles/cmTryCompileExec3243930554.dir/build
make[1]: Entering directory `/home/vinod/Downloads/sd2/2.1.0/build/CMakeFiles/CMakeTmp'
/usr/bin/cmake -E cmake_progress_report /home/vinod/Downloads/sd2/2.1.0/build/CMakeFiles/CMakeTmp/CMakeFiles 1
Building C object CMakeFiles/cmTryCompileExec3243930554.dir/CheckFunctionExists.c.o
/usr/bin/cc   -Wall -Wextra -Wno-unused-parameter -Wno-missing-field-initializers -DCHECK_FUNCTION_EXISTS=XF86VidModeSetViewPort   -o CMakeFiles/cmTryCompileExec3243930554.dir/CheckFunctionExists.c.o   -c /usr/share/cmake-2.8/Modules/CheckFunctionExists.c
Linking C executable cmTryCompileExec3243930554
/usr/bin/cmake -E cmake_link_script CMakeFiles/cmTryCompileExec3243930554.dir/link.txt --verbose=1
/usr/bin/cc   -Wall -Wextra -Wno-unused-parameter -Wno-missing-field-initializers -DCHECK_FUNCTION_EXISTS=XF86VidModeSetViewPort    CMakeFiles/cmTryCompileExec3243930554.dir/CheckFunctionExists.c.o  -o cmTryCompileExec3243930554 -rdynamic -lXxf86vm 
make[1]: Leaving directory `/home/vinod/Downloads/sd2/2.1.0/build/CMakeFiles/CMakeTmp'


Determining if the function XRenderSetSubpixelOrder exists in the Xrender passed with the following output:
Change Dir: /home/vinod/Downloads/sd2/2.1.0/build/CMakeFiles/CMakeTmp

Run Build Command:/usr/bin/make "cmTryCompileExec1056479371/fast"
/usr/bin/make -f CMakeFiles/cmTryCompileExec1056479371.dir/build.make CMakeFiles/cmTryCompileExec1056479371.dir/build
make[1]: Entering directory `/home/vinod/Downloads/sd2/2.1.0/build/CMakeFiles/CMakeTmp'
/usr/bin/cmake -E cmake_progress_report /home/vinod/Downloads/sd2/2.1.0/build/CMakeFiles/CMakeTmp/CMakeFiles 1
Building C object CMakeFiles/cmTryCompileExec1056479371.dir/CheckFunctionExists.c.o
/usr/bin/cc   -Wall -Wextra -Wno-unused-parameter -Wno-missing-field-initializers -DCHECK_FUNCTION_EXISTS=XRenderSetSubpixelOrder   -o CMakeFiles/cmTryCompileExec1056479371.dir/CheckFunctionExists.c.o   -c /usr/share/cmake-2.8/Modules/CheckFunctionExists.c
Linking C executable cmTryCompileExec1056479371
/usr/bin/cmake -E cmake_link_script CMakeFiles/cmTryCompileExec1056479371.dir/link.txt --verbose=1
/usr/bin/cc   -Wall -Wextra -Wno-unused-parameter -Wno-missing-field-initializers -DCHECK_FUNCTION_EXISTS=XRenderSetSubpixelOrder    CMakeFiles/cmTryCompileExec1056479371.dir/CheckFunctionExists.c.o  -o cmTryCompileExec1056479371 -rdynamic -lXrender 
make[1]: Leaving directory `/home/vinod/Downloads/sd2/2.1.0/build/CMakeFiles/CMakeTmp'


Determining if the function XRRQueryVersion exists in the Xrandr passed with the following output:
Change Dir: /home/vinod/Downloads/sd2/2.1.0/build/CMakeFiles/CMakeTmp

Run Build Command:/usr/bin/make "cmTryCompileExec861383462/fast"
/usr/bin/make -f CMakeFiles/cmTryCompileExec861383462.dir/build.make CMakeFiles/cmTryCompileExec861383462.dir/build
make[1]: Entering directory `/home/vinod/Downloads/sd2/2.1.0/build/CMakeFiles/CMakeTmp'
/usr/bin/cmake -E cmake_progress_report /home/vinod/Downloads/sd2/2.1.0/build/CMakeFiles/CMakeTmp/CMakeFiles 1
Building C object CMakeFiles/cmTryCompileExec861383462.dir/CheckFunctionExists.c.o
/usr/bin/cc   -Wall -Wextra -Wno-unused-parameter -Wno-missing-field-initializers -DCHECK_FUNCTION_EXISTS=XRRQueryVersion   -o CMakeFiles/cmTryCompileExec861383462.dir/CheckFunctionExists.c.o   -c /usr/share/cmake-2.8/Modules/CheckFunctionExists.c
Linking C executable cmTryCompileExec861383462
/usr/bin/cmake -E cmake_link_script CMakeFiles/cmTryCompileExec861383462.dir/link.txt --verbose=1
/usr/bin/cc   -Wall -Wextra -Wno-unused-parameter -Wno-missing-field-initializers -DCHECK_FUNCTION_EXISTS=XRRQueryVersion    CMakeFiles/cmTryCompileExec861383462.dir/CheckFunctionExists.c.o  -o cmTryCompileExec861383462 -rdynamic -lXrandr 
make[1]: Leaving directory `/home/vinod/Downloads/sd2/2.1.0/build/CMakeFiles/CMakeTmp'


Determining if the function dlopen exists in the dl passed with the following output:
Change Dir: /home/vinod/Downloads/sd2/2.1.0/build/CMakeFiles/CMakeTmp

Run Build Command:/usr/bin/make "cmTryCompileExec2901782376/fast"
/usr/bin/make -f CMakeFiles/cmTryCompileExec2901782376.dir/build.make CMakeFiles/cmTryCompileExec2901782376.dir/build
make[1]: Entering directory `/home/vinod/Downloads/sd2/2.1.0/build/CMakeFiles/CMakeTmp'
/usr/bin/cmake -E cmake_progress_report /home/vinod/Downloads/sd2/2.1.0/build/CMakeFiles/CMakeTmp/CMakeFiles 1
Building C object CMakeFiles/cmTryCompileExec2901782376.dir/CheckFunctionExists.c.o
/usr/bin/cc   -Wall -Wextra -Wno-unused-parameter -Wno-missing-field-initializers -DCHECK_FUNCTION_EXISTS=dlopen   -o CMakeFiles/cmTryCompileExec2901782376.dir/CheckFunctionExists.c.o   -c /usr/share/cmake-2.8/Modules/CheckFunctionExists.c
Linking C executable cmTryCompileExec2901782376
/usr/bin/cmake -E cmake_link_script CMakeFiles/cmTryCompileExec2901782376.dir/link.txt --verbose=1
/usr/bin/cc   -Wall -Wextra -Wno-unused-parameter -Wno-missing-field-initializers -DCHECK_FUNCTION_EXISTS=dlopen    CMakeFiles/cmTryCompileExec2901782376.dir/CheckFunctionExists.c.o  -o cmTryCompileExec2901782376 -rdynamic -ldl 
make[1]: Leaving directory `/home/vinod/Downloads/sd2/2.1.0/build/CMakeFiles/CMakeTmp'


Determining if files pthread.h exist passed with the following output:
Change Dir: /home/vinod/Downloads/sd2/2.1.0/build/CMakeFiles/CMakeTmp

Run Build Command:/usr/bin/make "cmTryCompileExec297675304/fast"
/usr/bin/make -f CMakeFiles/cmTryCompileExec297675304.dir/build.make CMakeFiles/cmTryCompileExec297675304.dir/build
make[1]: Entering directory `/home/vinod/Downloads/sd2/2.1.0/build/CMakeFiles/CMakeTmp'
/usr/bin/cmake -E cmake_progress_report /home/vinod/Downloads/sd2/2.1.0/build/CMakeFiles/CMakeTmp/CMakeFiles 1
Building C object CMakeFiles/cmTryCompileExec297675304.dir/CheckIncludeFiles.c.o
/usr/bin/cc   -Wall -Wextra -Wno-unused-parameter -Wno-missing-field-initializers    -o CMakeFiles/cmTryCompileExec297675304.dir/CheckIncludeFiles.c.o   -c /home/vinod/Downloads/sd2/2.1.0/build/CMakeFiles/CMakeTmp/CheckIncludeFiles.c
Linking C executable cmTryCompileExec297675304
/usr/bin/cmake -E cmake_link_script CMakeFiles/cmTryCompileExec297675304.dir/link.txt --verbose=1
/usr/bin/cc   -Wall -Wextra -Wno-unused-parameter -Wno-missing-field-initializers     CMakeFiles/cmTryCompileExec297675304.dir/CheckIncludeFiles.c.o  -o cmTryCompileExec297675304 -rdynamic 
make[1]: Leaving directory `/home/vinod/Downloads/sd2/2.1.0/build/CMakeFiles/CMakeTmp'


Determining if the function pthread_create exists in the pthread passed with the following output:
Change Dir: /home/vinod/Downloads/sd2/2.1.0/build/CMakeFiles/CMakeTmp

Run Build Command:/usr/bin/make "cmTryCompileExec1086728359/fast"
/usr/bin/make -f CMakeFiles/cmTryCompileExec1086728359.dir/build.make CMakeFiles/cmTryCompileExec1086728359.dir/build
make[1]: Entering directory `/home/vinod/Downloads/sd2/2.1.0/build/CMakeFiles/CMakeTmp'
/usr/bin/cmake -E cmake_progress_report /home/vinod/Downloads/sd2/2.1.0/build/CMakeFiles/CMakeTmp/CMakeFiles 1
Building C object CMakeFiles/cmTryCompileExec1086728359.dir/CheckFunctionExists.c.o
/usr/bin/cc   -Wall -Wextra -Wno-unused-parameter -Wno-missing-field-initializers -DCHECK_FUNCTION_EXISTS=pthread_create   -o CMakeFiles/cmTryCompileExec1086728359.dir/CheckFunctionExists.c.o   -c /usr/share/cmake-2.8/Modules/CheckFunctionExists.c
Linking C executable cmTryCompileExec1086728359
/usr/bin/cmake -E cmake_link_script CMakeFiles/cmTryCompileExec1086728359.dir/link.txt --verbose=1
/usr/bin/cc   -Wall -Wextra -Wno-unused-parameter -Wno-missing-field-initializers -DCHECK_FUNCTION_EXISTS=pthread_create    CMakeFiles/cmTryCompileExec1086728359.dir/CheckFunctionExists.c.o  -o cmTryCompileExec1086728359 -rdynamic -lpthread 
make[1]: Leaving directory `/home/vinod/Downloads/sd2/2.1.0/build/CMakeFiles/CMakeTmp'


